<?xml version="1.0" encoding="UTF-8"?>
<!-- Generated by org.testng.reporters.JUnitXMLReporter -->
<testsuite ignored="0" hostname="Ankit" failures="0" tests="13" name="Account page Test" time="14.65" errors="0" timestamp="2024-09-29T22:24:56 IST">
  <testcase classname="com.qa.opencart.tests.AccountPageTest" name="AccountpagHeaderTest" time="0.16"/>
  <testcase classname="com.qa.opencart.tests.AccountPageTest" name="accountPageHearderCountTest" time="0.05"/>
  <testcase classname="com.qa.opencart.tests.AccountPageTest" name="accountPageTiltleTest" time="0.014"/>
  <testcase classname="com.qa.opencart.tests.AccountPageTest" name="isLogoutLinkExistsTest" time="0.027"/>
  <testcase classname="com.qa.opencart.tests.AccountPageTest" name="searchCountTest" time="0.506"/>
  <testcase classname="com.qa.opencart.tests.AccountPageTest" name="searchCountTest" time="0.521"/>
  <testcase classname="com.qa.opencart.tests.AccountPageTest" name="searchCountTest" time="0.512"/>
  <testcase classname="com.qa.opencart.tests.AccountPageTest" name="searchTest" time="1.15"/>
  <testcase classname="com.qa.opencart.tests.AccountPageTest" name="searchTest" time="1.256"/>
  <testcase classname="com.qa.opencart.tests.AccountPageTest" name="searchTest" time="1.397"/>
  <testcase classname="com.qa.opencart.tests.AccountPageTest" name="searchTest" time="1.353"/>
  <testcase classname="com.qa.opencart.tests.AccountPageTest" name="searchTest" time="1.284"/>
  <testcase classname="com.qa.opencart.tests.AccountPageTest" name="searchTest" time="1.732"/>
</testsuite> <!-- Account page Test -->
