<?xml version="1.0" encoding="UTF-8"?>
<!-- Generated by org.testng.reporters.JUnitXMLReporter -->
<testsuite ignored="0" hostname="Ankit" failures="0" tests="5" name="Login page Tests" time="4.344" errors="0" timestamp="2024-09-29T22:24:45 IST">
  <testcase classname="com.qa.opencart.tests.LoginPageTest" name="LogoImageExistTest" time="0.05"/>
  <testcase classname="com.qa.opencart.tests.LoginPageTest" name="forgotPwdLinkExistTest" time="0.09"/>
  <testcase classname="com.qa.opencart.tests.LoginPageTest" name="loginPageTitleTest" time="0.029"/>
  <testcase classname="com.qa.opencart.tests.LoginPageTest" name="loginPageUrlTest" time="0.019"/>
  <testcase classname="com.qa.opencart.tests.LoginPageTest" name="doLoginTest" time="0.724"/>
</testsuite> <!-- Login page Tests -->
