<?xml version="1.0" encoding="UTF-8"?>
<!-- Generated by org.testng.reporters.JUnitXMLReporter -->
<testsuite ignored="5" hostname="Ankit" failures="0" tests="6" name="Default test" time="10.958" errors="0" timestamp="2024-09-29T22:24:04 IST">
  <testcase classname="com.qa.opencart.tests.AccountPageTest" name="searchTest" time="1.235"/>
  <testcase classname="com.qa.opencart.tests.AccountPageTest" name="searchTest" time="0.956"/>
  <testcase classname="com.qa.opencart.tests.AccountPageTest" name="searchTest" time="1.079"/>
  <testcase classname="com.qa.opencart.tests.AccountPageTest" name="searchTest" time="0.951"/>
  <testcase classname="com.qa.opencart.tests.AccountPageTest" name="searchTest" time="1.305"/>
  <testcase classname="com.qa.opencart.tests.AccountPageTest" name="searchTest" time="1.322"/>
  <testcase classname="com.qa.opencart.tests.AccountPageTest" name="isLogoutLinkExistsTest" time="0.0">
    <ignored/>
  </testcase> <!-- isLogoutLinkExistsTest -->
  <testcase classname="com.qa.opencart.tests.AccountPageTest" name="searchCountTest" time="0.0">
    <ignored/>
  </testcase> <!-- searchCountTest -->
  <testcase classname="com.qa.opencart.tests.AccountPageTest" name="accountPageHearderCountTest" time="0.0">
    <ignored/>
  </testcase> <!-- accountPageHearderCountTest -->
  <testcase classname="com.qa.opencart.tests.AccountPageTest" name="accountPageTiltleTest" time="0.0">
    <ignored/>
  </testcase> <!-- accountPageTiltleTest -->
  <testcase classname="com.qa.opencart.tests.AccountPageTest" name="AccountpagHeaderTest" time="0.0">
    <ignored/>
  </testcase> <!-- AccountpagHeaderTest -->
</testsuite> <!-- Default test -->
