<?xml version="1.0" encoding="UTF-8"?>
<testng-results ignored="0" total="18" passed="18" failed="0" skipped="0">
  <reporter-output>
  </reporter-output>
  <suite started-at="2024-09-29T22:24:41 IST" name="TestNG Regression Suite" finished-at="2024-09-29T22:24:56 IST" duration-ms="14650">
    <groups>
    </groups>
    <test started-at="2024-09-29T22:24:41 IST" name="Login page Tests" finished-at="2024-09-29T22:24:45 IST" duration-ms="4344">
      <class name="com.qa.opencart.tests.LoginPageTest">
        <test-method is-config="true" signature="setup()[pri:0, instance:com.qa.opencart.tests.LoginPageTest@35dab4eb]" started-at="2024-09-29T22:24:41 IST" name="setup" finished-at="2024-09-29T22:24:44 IST" duration-ms="3218" status="PASS">
          <reporter-output>
          </reporter-output>
        </test-method> <!-- setup -->
        <test-method signature="LogoImageExistTest()[pri:0, instance:com.qa.opencart.tests.LoginPageTest@35dab4eb]" started-at="2024-09-29T22:24:44 IST" name="LogoImageExistTest" finished-at="2024-09-29T22:24:44 IST" duration-ms="50" status="PASS">
          <reporter-output>
          </reporter-output>
        </test-method> <!-- LogoImageExistTest -->
        <test-method signature="forgotPwdLinkExistTest()[pri:0, instance:com.qa.opencart.tests.LoginPageTest@35dab4eb]" started-at="2024-09-29T22:24:44 IST" name="forgotPwdLinkExistTest" finished-at="2024-09-29T22:24:44 IST" duration-ms="90" status="PASS">
          <reporter-output>
          </reporter-output>
        </test-method> <!-- forgotPwdLinkExistTest -->
        <test-method signature="loginPageTitleTest()[pri:0, instance:com.qa.opencart.tests.LoginPageTest@35dab4eb]" started-at="2024-09-29T22:24:44 IST" name="loginPageTitleTest" finished-at="2024-09-29T22:24:45 IST" duration-ms="29" status="PASS">
          <reporter-output>
          </reporter-output>
        </test-method> <!-- loginPageTitleTest -->
        <test-method signature="loginPageUrlTest()[pri:0, instance:com.qa.opencart.tests.LoginPageTest@35dab4eb]" started-at="2024-09-29T22:24:45 IST" name="loginPageUrlTest" finished-at="2024-09-29T22:24:45 IST" duration-ms="19" status="PASS">
          <reporter-output>
          </reporter-output>
        </test-method> <!-- loginPageUrlTest -->
        <test-method signature="doLoginTest()[pri:2147483647, instance:com.qa.opencart.tests.LoginPageTest@35dab4eb]" started-at="2024-09-29T22:24:45 IST" name="doLoginTest" finished-at="2024-09-29T22:24:45 IST" duration-ms="724" status="PASS">
          <reporter-output>
          </reporter-output>
        </test-method> <!-- doLoginTest -->
        <test-method is-config="true" signature="tearDown()[pri:0, instance:com.qa.opencart.tests.LoginPageTest@35dab4eb]" started-at="2024-09-29T22:24:45 IST" name="tearDown" finished-at="2024-09-29T22:24:45 IST" duration-ms="147" status="PASS">
          <reporter-output>
          </reporter-output>
        </test-method> <!-- tearDown -->
      </class> <!-- com.qa.opencart.tests.LoginPageTest -->
    </test> <!-- Login page Tests -->
    <test started-at="2024-09-29T22:24:41 IST" name="Account page Test" finished-at="2024-09-29T22:24:56 IST" duration-ms="14650">
      <class name="com.qa.opencart.tests.AccountPageTest">
        <test-method is-config="true" signature="setup()[pri:0, instance:com.qa.opencart.tests.AccountPageTest@5c80cf32]" started-at="2024-09-29T22:24:41 IST" name="setup" finished-at="2024-09-29T22:24:45 IST" duration-ms="3695" status="PASS">
          <reporter-output>
          </reporter-output>
        </test-method> <!-- setup -->
        <test-method is-config="true" signature="AccountPageSetup()[pri:0, instance:com.qa.opencart.tests.AccountPageTest@5c80cf32]" started-at="2024-09-29T22:24:45 IST" name="AccountPageSetup" finished-at="2024-09-29T22:24:46 IST" duration-ms="716" status="PASS">
          <reporter-output>
          </reporter-output>
        </test-method> <!-- AccountPageSetup -->
        <test-method signature="AccountpagHeaderTest()[pri:0, instance:com.qa.opencart.tests.AccountPageTest@5c80cf32]" started-at="2024-09-29T22:24:46 IST" name="AccountpagHeaderTest" finished-at="2024-09-29T22:24:46 IST" duration-ms="160" status="PASS">
          <reporter-output>
          </reporter-output>
        </test-method> <!-- AccountpagHeaderTest -->
        <test-method signature="accountPageHearderCountTest()[pri:0, instance:com.qa.opencart.tests.AccountPageTest@5c80cf32]" started-at="2024-09-29T22:24:46 IST" name="accountPageHearderCountTest" finished-at="2024-09-29T22:24:46 IST" duration-ms="50" status="PASS">
          <reporter-output>
          </reporter-output>
        </test-method> <!-- accountPageHearderCountTest -->
        <test-method signature="accountPageTiltleTest()[pri:0, instance:com.qa.opencart.tests.AccountPageTest@5c80cf32]" started-at="2024-09-29T22:24:46 IST" name="accountPageTiltleTest" finished-at="2024-09-29T22:24:46 IST" duration-ms="14" status="PASS">
          <reporter-output>
          </reporter-output>
        </test-method> <!-- accountPageTiltleTest -->
        <test-method signature="isLogoutLinkExistsTest()[pri:0, instance:com.qa.opencart.tests.AccountPageTest@5c80cf32]" started-at="2024-09-29T22:24:46 IST" name="isLogoutLinkExistsTest" finished-at="2024-09-29T22:24:46 IST" duration-ms="27" status="PASS">
          <reporter-output>
          </reporter-output>
        </test-method> <!-- isLogoutLinkExistsTest -->
        <test-method signature="searchCountTest(java.lang.String,int)[pri:0, instance:com.qa.opencart.tests.AccountPageTest@5c80cf32]" started-at="2024-09-29T22:24:46 IST" name="searchCountTest" data-provider="getSearchKey" finished-at="2024-09-29T22:24:46 IST" duration-ms="506" status="PASS">
          <params>
            <param index="0">
              <value>
                <![CDATA[macbook]]>
              </value>
            </param>
            <param index="1">
              <value>
                <![CDATA[3]]>
              </value>
            </param>
          </params>
          <reporter-output>
          </reporter-output>
        </test-method> <!-- searchCountTest -->
        <test-method signature="searchCountTest(java.lang.String,int)[pri:0, instance:com.qa.opencart.tests.AccountPageTest@5c80cf32]" started-at="2024-09-29T22:24:46 IST" name="searchCountTest" data-provider="getSearchKey" finished-at="2024-09-29T22:24:47 IST" duration-ms="521" status="PASS">
          <params>
            <param index="0">
              <value>
                <![CDATA[samsung]]>
              </value>
            </param>
            <param index="1">
              <value>
                <![CDATA[2]]>
              </value>
            </param>
          </params>
          <reporter-output>
          </reporter-output>
        </test-method> <!-- searchCountTest -->
        <test-method signature="searchCountTest(java.lang.String,int)[pri:0, instance:com.qa.opencart.tests.AccountPageTest@5c80cf32]" started-at="2024-09-29T22:24:47 IST" name="searchCountTest" data-provider="getSearchKey" finished-at="2024-09-29T22:24:47 IST" duration-ms="512" status="PASS">
          <params>
            <param index="0">
              <value>
                <![CDATA[iMac]]>
              </value>
            </param>
            <param index="1">
              <value>
                <![CDATA[1]]>
              </value>
            </param>
          </params>
          <reporter-output>
          </reporter-output>
        </test-method> <!-- searchCountTest -->
        <test-method signature="searchTest(java.lang.String,java.lang.String)[pri:0, instance:com.qa.opencart.tests.AccountPageTest@5c80cf32]" started-at="2024-09-29T22:24:47 IST" name="searchTest" data-provider="getSearchData" finished-at="2024-09-29T22:24:48 IST" duration-ms="1150" status="PASS">
          <params>
            <param index="0">
              <value>
                <![CDATA[macbook]]>
              </value>
            </param>
            <param index="1">
              <value>
                <![CDATA[MacBook]]>
              </value>
            </param>
          </params>
          <reporter-output>
          </reporter-output>
        </test-method> <!-- searchTest -->
        <test-method signature="searchTest(java.lang.String,java.lang.String)[pri:0, instance:com.qa.opencart.tests.AccountPageTest@5c80cf32]" started-at="2024-09-29T22:24:48 IST" name="searchTest" data-provider="getSearchData" finished-at="2024-09-29T22:24:50 IST" duration-ms="1256" status="PASS">
          <params>
            <param index="0">
              <value>
                <![CDATA[macbook]]>
              </value>
            </param>
            <param index="1">
              <value>
                <![CDATA[MacBook Pro]]>
              </value>
            </param>
          </params>
          <reporter-output>
          </reporter-output>
        </test-method> <!-- searchTest -->
        <test-method signature="searchTest(java.lang.String,java.lang.String)[pri:0, instance:com.qa.opencart.tests.AccountPageTest@5c80cf32]" started-at="2024-09-29T22:24:50 IST" name="searchTest" data-provider="getSearchData" finished-at="2024-09-29T22:24:51 IST" duration-ms="1397" status="PASS">
          <params>
            <param index="0">
              <value>
                <![CDATA[macbook]]>
              </value>
            </param>
            <param index="1">
              <value>
                <![CDATA[MacBook Air]]>
              </value>
            </param>
          </params>
          <reporter-output>
          </reporter-output>
        </test-method> <!-- searchTest -->
        <test-method signature="searchTest(java.lang.String,java.lang.String)[pri:0, instance:com.qa.opencart.tests.AccountPageTest@5c80cf32]" started-at="2024-09-29T22:24:51 IST" name="searchTest" data-provider="getSearchData" finished-at="2024-09-29T22:24:52 IST" duration-ms="1353" status="PASS">
          <params>
            <param index="0">
              <value>
                <![CDATA[samsung]]>
              </value>
            </param>
            <param index="1">
              <value>
                <![CDATA[Samsung SyncMaster 941BW]]>
              </value>
            </param>
          </params>
          <reporter-output>
          </reporter-output>
        </test-method> <!-- searchTest -->
        <test-method signature="searchTest(java.lang.String,java.lang.String)[pri:0, instance:com.qa.opencart.tests.AccountPageTest@5c80cf32]" started-at="2024-09-29T22:24:52 IST" name="searchTest" data-provider="getSearchData" finished-at="2024-09-29T22:24:54 IST" duration-ms="1284" status="PASS">
          <params>
            <param index="0">
              <value>
                <![CDATA[samsung]]>
              </value>
            </param>
            <param index="1">
              <value>
                <![CDATA[Samsung Galaxy Tab 10.1]]>
              </value>
            </param>
          </params>
          <reporter-output>
          </reporter-output>
        </test-method> <!-- searchTest -->
        <test-method signature="searchTest(java.lang.String,java.lang.String)[pri:0, instance:com.qa.opencart.tests.AccountPageTest@5c80cf32]" started-at="2024-09-29T22:24:54 IST" name="searchTest" data-provider="getSearchData" finished-at="2024-09-29T22:24:56 IST" duration-ms="1732" status="PASS">
          <params>
            <param index="0">
              <value>
                <![CDATA[iMac]]>
              </value>
            </param>
            <param index="1">
              <value>
                <![CDATA[iMac]]>
              </value>
            </param>
          </params>
          <reporter-output>
          </reporter-output>
        </test-method> <!-- searchTest -->
        <test-method is-config="true" signature="tearDown()[pri:0, instance:com.qa.opencart.tests.AccountPageTest@5c80cf32]" started-at="2024-09-29T22:24:56 IST" name="tearDown" finished-at="2024-09-29T22:24:56 IST" duration-ms="225" status="PASS">
          <reporter-output>
          </reporter-output>
        </test-method> <!-- tearDown -->
      </class> <!-- com.qa.opencart.tests.AccountPageTest -->
    </test> <!-- Account page Test -->
  </suite> <!-- TestNG Regression Suite -->
</testng-results>
